{
  "timestamp": "2025-08-03T13:45:54.587959",
  "version": "3.7.0",
  "platform": "Windows",
  "test_results": {
    "python_tests": {
      "status": "PASS",
      "total_tests": 3,
      "passed_tests": 3,
      "details": {
        "test/test_format.py": {
          "status": "PASS",
          "output": "=== ТЕСТ ФОРМАТИРОВАНИЯ JXCT ===\n\n[Основные файлы]\nТестирование основных файлов...\n  ✓ src/main.cpp\n  ✓ src/validation_utils.cpp\n  ✓ platformio.ini\n  ✓ README.md\n  Результат: 4/4 файлов найдено\n  ПРОЙДЕН\n\n[C++ файлы]\nТестирование C++ файлов...\n  C++ файлы: 17\n  H файлы: 26\n  Валидные: 43/43\n  ПРОЙДЕН\n\n[Python файлы]\nТестирование Python файлов...\n  Python файлы: 80/80\n  ПРОЙДЕН\n\n=== ИТОГ: 3/3 ===\nВсе тесты пройдены успешно!\n",
          "error": null,
          "test_count": 1
        },
        "test/test_validation.py": {
          "status": "PASS",
          "output": "=== ТЕСТ ВАЛИДАЦИИ JXCT ===\n\n[Диапазон температур]\nТестирование диапазона температур...\n  ✓ 25.0°C - валидная\n  ✓ 0.0°C - валидная\n  ✓ -10.0°C - валидная\n  ✓ 50.0°C - валидная\n  ✓ 22.5°C - валидная\n  ✓ -100.0°C - правильно отклонена\n  ✓ 100.0°C - правильно отклонена\n  ✓ 999.0°C - правильно отклонена\n  ✓ -999.0°C - правильно отклонена\n  Результат: 9/9\n  ПРОЙДЕН\n\n[Диапазон влажности]\nТестирование диапазона влажности...\n  ✓ 0.0% - валидная\n  ✓ 50.0% - валидная\n  ✓ 100.0% - валидная\n  ✓ 25.5% - валидная\n  ✓ 75.0% - валидная\n  ✓ -10.0% - правильно отклонена\n  ✓ 110.0% - правильно отклонена\n  ✓ 200.0% - правильно отклонена\n  ✓ -1.0% - правильно отклонена\n  Результат: 9/9\n  ПРОЙДЕН\n\n[Диапазон pH]\nТестирование диапазона pH...\n  ✓ pH 0.0 - валидный\n  ✓ pH 7.0 - валидный\n  ✓ pH 14.0 - валидный\n  ✓ pH 6.5 - валидный\n  ✓ pH 8.2 - валидный\n  ✓ pH -1.0 - правильно отклонен\n  ✓ pH 15.0 - правильно отклонен\n  ✓ pH 20.0 - правильно отклонен\n  ✓ pH -5.0 - правильно отклонен\n  Результат: 9/9\n  ПРОЙДЕН\n\n[Диапазон EC]\nТестирование диапазона EC...\n  ✓ EC 0.0 - валидный\n  ✓ EC 1.5 - валидный\n  ✓ EC 1000.0 - валидный\n  ✓ EC 2300.0 - валидный\n  ✓ EC 5000.0 - валидный\n  ✓ EC -1.0 - правильно отклонен\n  ✓ EC 15000.0 - правильно отклонен\n  ✓ EC 20000.0 - правильно отклонен\n  ✓ EC -10.0 - правильно отклонен\n  Результат: 9/9\n  ПРОЙДЕН\n\n[Структура проекта]\nТестирование структуры проекта...\n  ✓ src/ - найдена\n  ✓ include/ - найдена\n  ✓ test/ - найдена\n  ✓ scripts/ - найдена\n  ✓ platformio.ini - найден\n  ✓ README.md - найден\n  Результат: 6/6\n  ПРОЙДЕН\n\n=== ИТОГ: 5/5 ===\n",
          "error": null,
          "test_count": 1
        },
        "test/test_humidity_color.py": {
          "status": "PASS",
          "output": "Тестирование логики окраски влажности...\nВлажность -5%: red (ожидается: red)\nВлажность 0%: green (ожидается: green)\nВлажность 25%: green (ожидается: green)\nВлажность 53%: green (ожидается: green)\nВлажность 54%: yellow (ожидается: yellow)\nВлажность 75%: yellow (ожидается: yellow)\nВлажность 100%: yellow (ожидается: yellow)\nВлажность 105%: red (ожидается: red)\nВсе тесты окраски влажности пройдены!\n\nТестирование других датчиков (не должны иметь желтую окраску)...\nTEMP в диапазоне: green (ожидается: green)\nPH в диапазоне: green (ожидается: green)\nEC в диапазоне: green (ожидается: green)\nN в диапазоне: green (ожидается: green)\nP в диапазоне: green (ожидается: green)\nK в диапазоне: green (ожидается: green)\nВсе тесты других датчиков пройдены!\n\nУСПЕХ: Все тесты пройдены!\n",
          "error": null,
          "test_count": 1
        }
      }
    },
    "esp32_build": {
      "status": "FAIL",
      "error": "In file included from C:/Users/Robot1/.platformio/packages/framework-arduinoespressif32/tools/sdk/esp32/include/newlib/platform_include/assert.h:20,\n                 from C:/Users/Robot1/.platformio/packages/framework-arduinoespressif32/tools/sdk/esp32/include/esp_common/include/esp_err.h:11,\n                 from C:/Users/Robot1/.platformio/packages/framework-arduinoespressif32/tools/sdk/esp32/include/esp_wifi/include/esp_private/esp_wifi_types_private.h:21,\n                 from C:/Users/Robot1/.platformio/packages/framework-arduinoespressif32/tools/sdk/esp32/include/esp_wifi/include/esp_wifi_types.h:11,\n                 from C:/Users/Robot1/.platformio/packages/framework-arduinoespressif32/libraries/WiFi/src/WiFiType.h:26,\n                 from C:/Users/Robot1/.platformio/packages/framework-arduinoespressif32/libraries/WiFi/src/WiFi.h:31,\n                 from src/config.cpp:7:\nC:/Users/Robot1/.platformio/packages/framework-arduinoespressif32/tools/sdk/esp32/dio_qspi/include/sdkconfig.h:438: warning: \"CONFIG_HEAP_POISONING_LIGHT\" redefined\n #define CONFIG_HEAP_POISONING_LIGHT 1\n \n<command-line>: note: this is the location of the previous definition\n*** [.pio\\build\\esp32dev\\firmware.bin] C:\\Git\\JXCT\\.pio\\build\\esp32dev\\firmware.bin: \\u041f\\u0440\\u043e\\u0446\\u0435\\u0441\\u0441 \\u043d\\u0435 \\u043c\\u043e\\u0436\\u0435\\u0442 \\u043f\\u043e\\u043b\\u0443\\u0447\\u0438\\u0442\\u044c \\u0434\\u043e\\u0441\\u0442\\u0443\\u043f \\u043a \\u0444\\u0430\\u0439\\u043b\\u0443, \\u0442\\u0430\\u043a \\u043a\\u0430\\u043a \\u044d\\u0442\\u043e\\u0442 \\u0444\\u0430\\u0439\\u043b \\u0437\\u0430\\u043d\\u044f\\u0442 \\u0434\\u0440\\u0443\\u0433\\u0438\\u043c \\u043f\\u0440\\u043e\\u0446\\u0435\\u0441\\u0441\\u043e\\u043c\n========================= [FAILED] Took 21.13 seconds =========================\nEnvironment    Status    Duration\n-------------  --------  ------------\nesp32dev       FAILED    00:00:21.131\n==================== 1 failed, 0 succeeded in 00:00:21.131 ====================\n"
    },
    "esp32_tests": {
      "status": "SKIPPED",
      "reason": "ESP32 не подключен"
    },
    "formula_consistency": {
      "status": "PASS"
    }
  },
  "summary": {
    "total_categories": 4,
    "passed_categories": 2,
    "overall_status": "FAIL"
  }
}